The system is: Linux - 5.0.0-27-generic - x86_64
Compiling the CXX compiler identification source file "CMakeCXXCompilerId.cpp" succeeded.
Compiler: /bin/c++ 
Build flags: 
Id flags:  

The output was:
0


Compilation of the CXX compiler identification source "CMakeCXXCompilerId.cpp" produced "a.out"

The CXX compiler identification is GNU, found in "/home/nathaly/Downloads/gmsh-4.4.1-source/build/CMakeFiles/3.13.4/CompilerIdCXX/a.out"

Compiling the C compiler identification source file "CMakeCCompilerId.c" succeeded.
Compiler: /bin/cc 
Build flags: 
Id flags:  

The output was:
0


Compilation of the C compiler identification source "CMakeCCompilerId.c" produced "a.out"

The C compiler identification is GNU, found in "/home/nathaly/Downloads/gmsh-4.4.1-source/build/CMakeFiles/3.13.4/CompilerIdC/a.out"

Determining if the CXX compiler works passed with the following output:
Change Dir: /home/nathaly/Downloads/gmsh-4.4.1-source/build/CMakeFiles/CMakeTmp

Run Build Command:"/bin/make" "cmTC_cc93a/fast"
/bin/make -f CMakeFiles/cmTC_cc93a.dir/build.make CMakeFiles/cmTC_cc93a.dir/build
make[1]: Entering directory '/home/nathaly/Downloads/gmsh-4.4.1-source/build/CMakeFiles/CMakeTmp'
Building CXX object CMakeFiles/cmTC_cc93a.dir/testCXXCompiler.cxx.o
/bin/c++     -o CMakeFiles/cmTC_cc93a.dir/testCXXCompiler.cxx.o -c /home/nathaly/Downloads/gmsh-4.4.1-source/build/CMakeFiles/CMakeTmp/testCXXCompiler.cxx
Linking CXX executable cmTC_cc93a
/usr/bin/cmake -E cmake_link_script CMakeFiles/cmTC_cc93a.dir/link.txt --verbose=1
/bin/c++       -rdynamic CMakeFiles/cmTC_cc93a.dir/testCXXCompiler.cxx.o  -o cmTC_cc93a 
make[1]: Leaving directory '/home/nathaly/Downloads/gmsh-4.4.1-source/build/CMakeFiles/CMakeTmp'


Detecting CXX compiler ABI info compiled with the following output:
Change Dir: /home/nathaly/Downloads/gmsh-4.4.1-source/build/CMakeFiles/CMakeTmp

Run Build Command:"/bin/make" "cmTC_36916/fast"
/bin/make -f CMakeFiles/cmTC_36916.dir/build.make CMakeFiles/cmTC_36916.dir/build
make[1]: Entering directory '/home/nathaly/Downloads/gmsh-4.4.1-source/build/CMakeFiles/CMakeTmp'
Building CXX object CMakeFiles/cmTC_36916.dir/CMakeCXXCompilerABI.cpp.o
/bin/c++     -o CMakeFiles/cmTC_36916.dir/CMakeCXXCompilerABI.cpp.o -c /usr/share/cmake-3.13/Modules/CMakeCXXCompilerABI.cpp
Linking CXX executable cmTC_36916
/usr/bin/cmake -E cmake_link_script CMakeFiles/cmTC_36916.dir/link.txt --verbose=1
/bin/c++      -v -rdynamic CMakeFiles/cmTC_36916.dir/CMakeCXXCompilerABI.cpp.o  -o cmTC_36916 
Using built-in specs.
COLLECT_GCC=/bin/c++
COLLECT_LTO_WRAPPER=/usr/lib/gcc/x86_64-linux-gnu/8/lto-wrapper
OFFLOAD_TARGET_NAMES=nvptx-none
OFFLOAD_TARGET_DEFAULT=1
Target: x86_64-linux-gnu
Configured with: ../src/configure -v --with-pkgversion='Ubuntu 8.3.0-6ubuntu1' --with-bugurl=file:///usr/share/doc/gcc-8/README.Bugs --enable-languages=c,ada,c++,go,brig,d,fortran,objc,obj-c++ --prefix=/usr --with-gcc-major-version-only --program-suffix=-8 --program-prefix=x86_64-linux-gnu- --enable-shared --enable-linker-build-id --libexecdir=/usr/lib --without-included-gettext --enable-threads=posix --libdir=/usr/lib --enable-nls --enable-bootstrap --enable-clocale=gnu --enable-libstdcxx-debug --enable-libstdcxx-time=yes --with-default-libstdcxx-abi=new --enable-gnu-unique-object --disable-vtable-verify --enable-libmpx --enable-plugin --enable-default-pie --with-system-zlib --with-target-system-zlib --enable-objc-gc=auto --enable-multiarch --disable-werror --with-arch-32=i686 --with-abi=m64 --with-multilib-list=m32,m64,mx32 --enable-multilib --with-tune=generic --enable-offload-targets=nvptx-none --without-cuda-driver --enable-checking=release --build=x86_64-linux-gnu --host=x86_64-linux-gnu --target=x86_64-linux-gnu
Thread model: posix
gcc version 8.3.0 (Ubuntu 8.3.0-6ubuntu1) 
COMPILER_PATH=/usr/lib/gcc/x86_64-linux-gnu/8/:/usr/lib/gcc/x86_64-linux-gnu/8/:/usr/lib/gcc/x86_64-linux-gnu/:/usr/lib/gcc/x86_64-linux-gnu/8/:/usr/lib/gcc/x86_64-linux-gnu/
LIBRARY_PATH=/usr/lib/gcc/x86_64-linux-gnu/8/:/usr/lib/gcc/x86_64-linux-gnu/8/../../../x86_64-linux-gnu/:/usr/lib/gcc/x86_64-linux-gnu/8/../../../../lib/:/lib/x86_64-linux-gnu/:/lib/../lib/:/usr/lib/x86_64-linux-gnu/:/usr/lib/../lib/:/usr/lib/gcc/x86_64-linux-gnu/8/../../../:/lib/:/usr/lib/
COLLECT_GCC_OPTIONS='-v' '-rdynamic' '-o' 'cmTC_36916' '-shared-libgcc' '-mtune=generic' '-march=x86-64'
 /usr/lib/gcc/x86_64-linux-gnu/8/collect2 -plugin /usr/lib/gcc/x86_64-linux-gnu/8/liblto_plugin.so -plugin-opt=/usr/lib/gcc/x86_64-linux-gnu/8/lto-wrapper -plugin-opt=-fresolution=/tmp/ccC3Uxtk.res -plugin-opt=-pass-through=-lgcc_s -plugin-opt=-pass-through=-lgcc -plugin-opt=-pass-through=-lc -plugin-opt=-pass-through=-lgcc_s -plugin-opt=-pass-through=-lgcc --build-id --eh-frame-hdr -m elf_x86_64 --hash-style=gnu --as-needed -export-dynamic -dynamic-linker /lib64/ld-linux-x86-64.so.2 -pie -z now -z relro -o cmTC_36916 /usr/lib/gcc/x86_64-linux-gnu/8/../../../x86_64-linux-gnu/Scrt1.o /usr/lib/gcc/x86_64-linux-gnu/8/../../../x86_64-linux-gnu/crti.o /usr/lib/gcc/x86_64-linux-gnu/8/crtbeginS.o -L/usr/lib/gcc/x86_64-linux-gnu/8 -L/usr/lib/gcc/x86_64-linux-gnu/8/../../../x86_64-linux-gnu -L/usr/lib/gcc/x86_64-linux-gnu/8/../../../../lib -L/lib/x86_64-linux-gnu -L/lib/../lib -L/usr/lib/x86_64-linux-gnu -L/usr/lib/../lib -L/usr/lib/gcc/x86_64-linux-gnu/8/../../.. CMakeFiles/cmTC_36916.dir/CMakeCXXCompilerABI.cpp.o -lstdc++ -lm -lgcc_s -lgcc -lc -lgcc_s -lgcc /usr/lib/gcc/x86_64-linux-gnu/8/crtendS.o /usr/lib/gcc/x86_64-linux-gnu/8/../../../x86_64-linux-gnu/crtn.o
COLLECT_GCC_OPTIONS='-v' '-rdynamic' '-o' 'cmTC_36916' '-shared-libgcc' '-mtune=generic' '-march=x86-64'
make[1]: Leaving directory '/home/nathaly/Downloads/gmsh-4.4.1-source/build/CMakeFiles/CMakeTmp'


Parsed CXX implicit link information from above output:
  link line regex: [^( *|.*[/\])(ld|CMAKE_LINK_STARTFILE-NOTFOUND|([^/\]+-)?ld|collect2)[^/\]*( |$)]
  ignore line: [Change Dir: /home/nathaly/Downloads/gmsh-4.4.1-source/build/CMakeFiles/CMakeTmp]
  ignore line: []
  ignore line: [Run Build Command:"/bin/make" "cmTC_36916/fast"]
  ignore line: [/bin/make -f CMakeFiles/cmTC_36916.dir/build.make CMakeFiles/cmTC_36916.dir/build]
  ignore line: [make[1]: Entering directory '/home/nathaly/Downloads/gmsh-4.4.1-source/build/CMakeFiles/CMakeTmp']
  ignore line: [Building CXX object CMakeFiles/cmTC_36916.dir/CMakeCXXCompilerABI.cpp.o]
  ignore line: [/bin/c++     -o CMakeFiles/cmTC_36916.dir/CMakeCXXCompilerABI.cpp.o -c /usr/share/cmake-3.13/Modules/CMakeCXXCompilerABI.cpp]
  ignore line: [Linking CXX executable cmTC_36916]
  ignore line: [/usr/bin/cmake -E cmake_link_script CMakeFiles/cmTC_36916.dir/link.txt --verbose=1]
  ignore line: [/bin/c++      -v -rdynamic CMakeFiles/cmTC_36916.dir/CMakeCXXCompilerABI.cpp.o  -o cmTC_36916 ]
  ignore line: [Using built-in specs.]
  ignore line: [COLLECT_GCC=/bin/c++]
  ignore line: [COLLECT_LTO_WRAPPER=/usr/lib/gcc/x86_64-linux-gnu/8/lto-wrapper]
  ignore line: [OFFLOAD_TARGET_NAMES=nvptx-none]
  ignore line: [OFFLOAD_TARGET_DEFAULT=1]
  ignore line: [Target: x86_64-linux-gnu]
  ignore line: [Configured with: ../src/configure -v --with-pkgversion='Ubuntu 8.3.0-6ubuntu1' --with-bugurl=file:///usr/share/doc/gcc-8/README.Bugs --enable-languages=c,ada,c++,go,brig,d,fortran,objc,obj-c++ --prefix=/usr --with-gcc-major-version-only --program-suffix=-8 --program-prefix=x86_64-linux-gnu- --enable-shared --enable-linker-build-id --libexecdir=/usr/lib --without-included-gettext --enable-threads=posix --libdir=/usr/lib --enable-nls --enable-bootstrap --enable-clocale=gnu --enable-libstdcxx-debug --enable-libstdcxx-time=yes --with-default-libstdcxx-abi=new --enable-gnu-unique-object --disable-vtable-verify --enable-libmpx --enable-plugin --enable-default-pie --with-system-zlib --with-target-system-zlib --enable-objc-gc=auto --enable-multiarch --disable-werror --with-arch-32=i686 --with-abi=m64 --with-multilib-list=m32,m64,mx32 --enable-multilib --with-tune=generic --enable-offload-targets=nvptx-none --without-cuda-driver --enable-checking=release --build=x86_64-linux-gnu --host=x86_64-linux-gnu --target=x86_64-linux-gnu]
  ignore line: [Thread model: posix]
  ignore line: [gcc version 8.3.0 (Ubuntu 8.3.0-6ubuntu1) ]
  ignore line: [COMPILER_PATH=/usr/lib/gcc/x86_64-linux-gnu/8/:/usr/lib/gcc/x86_64-linux-gnu/8/:/usr/lib/gcc/x86_64-linux-gnu/:/usr/lib/gcc/x86_64-linux-gnu/8/:/usr/lib/gcc/x86_64-linux-gnu/]
  ignore line: [LIBRARY_PATH=/usr/lib/gcc/x86_64-linux-gnu/8/:/usr/lib/gcc/x86_64-linux-gnu/8/../../../x86_64-linux-gnu/:/usr/lib/gcc/x86_64-linux-gnu/8/../../../../lib/:/lib/x86_64-linux-gnu/:/lib/../lib/:/usr/lib/x86_64-linux-gnu/:/usr/lib/../lib/:/usr/lib/gcc/x86_64-linux-gnu/8/../../../:/lib/:/usr/lib/]
  ignore line: [COLLECT_GCC_OPTIONS='-v' '-rdynamic' '-o' 'cmTC_36916' '-shared-libgcc' '-mtune=generic' '-march=x86-64']
  link line: [ /usr/lib/gcc/x86_64-linux-gnu/8/collect2 -plugin /usr/lib/gcc/x86_64-linux-gnu/8/liblto_plugin.so -plugin-opt=/usr/lib/gcc/x86_64-linux-gnu/8/lto-wrapper -plugin-opt=-fresolution=/tmp/ccC3Uxtk.res -plugin-opt=-pass-through=-lgcc_s -plugin-opt=-pass-through=-lgcc -plugin-opt=-pass-through=-lc -plugin-opt=-pass-through=-lgcc_s -plugin-opt=-pass-through=-lgcc --build-id --eh-frame-hdr -m elf_x86_64 --hash-style=gnu --as-needed -export-dynamic -dynamic-linker /lib64/ld-linux-x86-64.so.2 -pie -z now -z relro -o cmTC_36916 /usr/lib/gcc/x86_64-linux-gnu/8/../../../x86_64-linux-gnu/Scrt1.o /usr/lib/gcc/x86_64-linux-gnu/8/../../../x86_64-linux-gnu/crti.o /usr/lib/gcc/x86_64-linux-gnu/8/crtbeginS.o -L/usr/lib/gcc/x86_64-linux-gnu/8 -L/usr/lib/gcc/x86_64-linux-gnu/8/../../../x86_64-linux-gnu -L/usr/lib/gcc/x86_64-linux-gnu/8/../../../../lib -L/lib/x86_64-linux-gnu -L/lib/../lib -L/usr/lib/x86_64-linux-gnu -L/usr/lib/../lib -L/usr/lib/gcc/x86_64-linux-gnu/8/../../.. CMakeFiles/cmTC_36916.dir/CMakeCXXCompilerABI.cpp.o -lstdc++ -lm -lgcc_s -lgcc -lc -lgcc_s -lgcc /usr/lib/gcc/x86_64-linux-gnu/8/crtendS.o /usr/lib/gcc/x86_64-linux-gnu/8/../../../x86_64-linux-gnu/crtn.o]
    arg [/usr/lib/gcc/x86_64-linux-gnu/8/collect2] ==> ignore
    arg [-plugin] ==> ignore
    arg [/usr/lib/gcc/x86_64-linux-gnu/8/liblto_plugin.so] ==> ignore
    arg [-plugin-opt=/usr/lib/gcc/x86_64-linux-gnu/8/lto-wrapper] ==> ignore
    arg [-plugin-opt=-fresolution=/tmp/ccC3Uxtk.res] ==> ignore
    arg [-plugin-opt=-pass-through=-lgcc_s] ==> ignore
    arg [-plugin-opt=-pass-through=-lgcc] ==> ignore
    arg [-plugin-opt=-pass-through=-lc] ==> ignore
    arg [-plugin-opt=-pass-through=-lgcc_s] ==> ignore
    arg [-plugin-opt=-pass-through=-lgcc] ==> ignore
    arg [--build-id] ==> ignore
    arg [--eh-frame-hdr] ==> ignore
    arg [-m] ==> ignore
    arg [elf_x86_64] ==> ignore
    arg [--hash-style=gnu] ==> ignore
    arg [--as-needed] ==> ignore
    arg [-export-dynamic] ==> ignore
    arg [-dynamic-linker] ==> ignore
    arg [/lib64/ld-linux-x86-64.so.2] ==> ignore
    arg [-pie] ==> ignore
    arg [-znow] ==> ignore
    arg [-zrelro] ==> ignore
    arg [-o] ==> ignore
    arg [cmTC_36916] ==> ignore
    arg [/usr/lib/gcc/x86_64-linux-gnu/8/../../../x86_64-linux-gnu/Scrt1.o] ==> ignore
    arg [/usr/lib/gcc/x86_64-linux-gnu/8/../../../x86_64-linux-gnu/crti.o] ==> ignore
    arg [/usr/lib/gcc/x86_64-linux-gnu/8/crtbeginS.o] ==> ignore
    arg [-L/usr/lib/gcc/x86_64-linux-gnu/8] ==> dir [/usr/lib/gcc/x86_64-linux-gnu/8]
    arg [-L/usr/lib/gcc/x86_64-linux-gnu/8/../../../x86_64-linux-gnu] ==> dir [/usr/lib/gcc/x86_64-linux-gnu/8/../../../x86_64-linux-gnu]
    arg [-L/usr/lib/gcc/x86_64-linux-gnu/8/../../../../lib] ==> dir [/usr/lib/gcc/x86_64-linux-gnu/8/../../../../lib]
    arg [-L/lib/x86_64-linux-gnu] ==> dir [/lib/x86_64-linux-gnu]
    arg [-L/lib/../lib] ==> dir [/lib/../lib]
    arg [-L/usr/lib/x86_64-linux-gnu] ==> dir [/usr/lib/x86_64-linux-gnu]
    arg [-L/usr/lib/../lib] ==> dir [/usr/lib/../lib]
    arg [-L/usr/lib/gcc/x86_64-linux-gnu/8/../../..] ==> dir [/usr/lib/gcc/x86_64-linux-gnu/8/../../..]
    arg [CMakeFiles/cmTC_36916.dir/CMakeCXXCompilerABI.cpp.o] ==> ignore
    arg [-lstdc++] ==> lib [stdc++]
    arg [-lm] ==> lib [m]
    arg [-lgcc_s] ==> lib [gcc_s]
    arg [-lgcc] ==> lib [gcc]
    arg [-lc] ==> lib [c]
    arg [-lgcc_s] ==> lib [gcc_s]
    arg [-lgcc] ==> lib [gcc]
    arg [/usr/lib/gcc/x86_64-linux-gnu/8/crtendS.o] ==> ignore
    arg [/usr/lib/gcc/x86_64-linux-gnu/8/../../../x86_64-linux-gnu/crtn.o] ==> ignore
  collapse library dir [/usr/lib/gcc/x86_64-linux-gnu/8] ==> [/usr/lib/gcc/x86_64-linux-gnu/8]
  collapse library dir [/usr/lib/gcc/x86_64-linux-gnu/8/../../../x86_64-linux-gnu] ==> [/usr/lib/x86_64-linux-gnu]
  collapse library dir [/usr/lib/gcc/x86_64-linux-gnu/8/../../../../lib] ==> [/usr/lib]
  collapse library dir [/lib/x86_64-linux-gnu] ==> [/lib/x86_64-linux-gnu]
  collapse library dir [/lib/../lib] ==> [/lib]
  collapse library dir [/usr/lib/x86_64-linux-gnu] ==> [/usr/lib/x86_64-linux-gnu]
  collapse library dir [/usr/lib/../lib] ==> [/usr/lib]
  collapse library dir [/usr/lib/gcc/x86_64-linux-gnu/8/../../..] ==> [/usr/lib]
  implicit libs: [stdc++;m;gcc_s;gcc;c;gcc_s;gcc]
  implicit dirs: [/usr/lib/gcc/x86_64-linux-gnu/8;/usr/lib/x86_64-linux-gnu;/usr/lib;/lib/x86_64-linux-gnu;/lib]
  implicit fwks: []




Detecting CXX [-std=c++2a] compiler features compiled with the following output:
Change Dir: /home/nathaly/Downloads/gmsh-4.4.1-source/build/CMakeFiles/CMakeTmp

Run Build Command:"/bin/make" "cmTC_ff6ec/fast"
/bin/make -f CMakeFiles/cmTC_ff6ec.dir/build.make CMakeFiles/cmTC_ff6ec.dir/build
make[1]: Entering directory '/home/nathaly/Downloads/gmsh-4.4.1-source/build/CMakeFiles/CMakeTmp'
Building CXX object CMakeFiles/cmTC_ff6ec.dir/feature_tests.cxx.o
/bin/c++    -std=c++2a -o CMakeFiles/cmTC_ff6ec.dir/feature_tests.cxx.o -c /home/nathaly/Downloads/gmsh-4.4.1-source/build/CMakeFiles/feature_tests.cxx
Linking CXX executable cmTC_ff6ec
/usr/bin/cmake -E cmake_link_script CMakeFiles/cmTC_ff6ec.dir/link.txt --verbose=1
/bin/c++       -rdynamic CMakeFiles/cmTC_ff6ec.dir/feature_tests.cxx.o  -o cmTC_ff6ec 
make[1]: Leaving directory '/home/nathaly/Downloads/gmsh-4.4.1-source/build/CMakeFiles/CMakeTmp'


    Feature record: CXX_FEATURE:1cxx_aggregate_default_initializers
    Feature record: CXX_FEATURE:1cxx_alias_templates
    Feature record: CXX_FEATURE:1cxx_alignas
    Feature record: CXX_FEATURE:1cxx_alignof
    Feature record: CXX_FEATURE:1cxx_attributes
    Feature record: CXX_FEATURE:1cxx_attribute_deprecated
    Feature record: CXX_FEATURE:1cxx_auto_type
    Feature record: CXX_FEATURE:1cxx_binary_literals
    Feature record: CXX_FEATURE:1cxx_constexpr
    Feature record: CXX_FEATURE:1cxx_contextual_conversions
    Feature record: CXX_FEATURE:1cxx_decltype
    Feature record: CXX_FEATURE:1cxx_decltype_auto
    Feature record: CXX_FEATURE:1cxx_decltype_incomplete_return_types
    Feature record: CXX_FEATURE:1cxx_default_function_template_args
    Feature record: CXX_FEATURE:1cxx_defaulted_functions
    Feature record: CXX_FEATURE:1cxx_defaulted_move_initializers
    Feature record: CXX_FEATURE:1cxx_delegating_constructors
    Feature record: CXX_FEATURE:1cxx_deleted_functions
    Feature record: CXX_FEATURE:1cxx_digit_separators
    Feature record: CXX_FEATURE:1cxx_enum_forward_declarations
    Feature record: CXX_FEATURE:1cxx_explicit_conversions
    Feature record: CXX_FEATURE:1cxx_extended_friend_declarations
    Feature record: CXX_FEATURE:1cxx_extern_templates
    Feature record: CXX_FEATURE:1cxx_final
    Feature record: CXX_FEATURE:1cxx_func_identifier
    Feature record: CXX_FEATURE:1cxx_generalized_initializers
    Feature record: CXX_FEATURE:1cxx_generic_lambdas
    Feature record: CXX_FEATURE:1cxx_inheriting_constructors
    Feature record: CXX_FEATURE:1cxx_inline_namespaces
    Feature record: CXX_FEATURE:1cxx_lambdas
    Feature record: CXX_FEATURE:1cxx_lambda_init_captures
    Feature record: CXX_FEATURE:1cxx_local_type_template_args
    Feature record: CXX_FEATURE:1cxx_long_long_type
    Feature record: CXX_FEATURE:1cxx_noexcept
    Feature record: CXX_FEATURE:1cxx_nonstatic_member_init
    Feature record: CXX_FEATURE:1cxx_nullptr
    Feature record: CXX_FEATURE:1cxx_override
    Feature record: CXX_FEATURE:1cxx_range_for
    Feature record: CXX_FEATURE:1cxx_raw_string_literals
    Feature record: CXX_FEATURE:1cxx_reference_qualified_functions
    Feature record: CXX_FEATURE:1cxx_relaxed_constexpr
    Feature record: CXX_FEATURE:1cxx_return_type_deduction
    Feature record: CXX_FEATURE:1cxx_right_angle_brackets
    Feature record: CXX_FEATURE:1cxx_rvalue_references
    Feature record: CXX_FEATURE:1cxx_sizeof_member
    Feature record: CXX_FEATURE:1cxx_static_assert
    Feature record: CXX_FEATURE:1cxx_strong_enums
    Feature record: CXX_FEATURE:1cxx_template_template_parameters
    Feature record: CXX_FEATURE:1cxx_thread_local
    Feature record: CXX_FEATURE:1cxx_trailing_return_types
    Feature record: CXX_FEATURE:1cxx_unicode_literals
    Feature record: CXX_FEATURE:1cxx_uniform_initialization
    Feature record: CXX_FEATURE:1cxx_unrestricted_unions
    Feature record: CXX_FEATURE:1cxx_user_literals
    Feature record: CXX_FEATURE:1cxx_variable_templates
    Feature record: CXX_FEATURE:1cxx_variadic_macros
    Feature record: CXX_FEATURE:1cxx_variadic_templates


Detecting CXX [-std=c++17] compiler features compiled with the following output:
Change Dir: /home/nathaly/Downloads/gmsh-4.4.1-source/build/CMakeFiles/CMakeTmp

Run Build Command:"/bin/make" "cmTC_79105/fast"
/bin/make -f CMakeFiles/cmTC_79105.dir/build.make CMakeFiles/cmTC_79105.dir/build
make[1]: Entering directory '/home/nathaly/Downloads/gmsh-4.4.1-source/build/CMakeFiles/CMakeTmp'
Building CXX object CMakeFiles/cmTC_79105.dir/feature_tests.cxx.o
/bin/c++    -std=c++17 -o CMakeFiles/cmTC_79105.dir/feature_tests.cxx.o -c /home/nathaly/Downloads/gmsh-4.4.1-source/build/CMakeFiles/feature_tests.cxx
Linking CXX executable cmTC_79105
/usr/bin/cmake -E cmake_link_script CMakeFiles/cmTC_79105.dir/link.txt --verbose=1
/bin/c++       -rdynamic CMakeFiles/cmTC_79105.dir/feature_tests.cxx.o  -o cmTC_79105 
make[1]: Leaving directory '/home/nathaly/Downloads/gmsh-4.4.1-source/build/CMakeFiles/CMakeTmp'


    Feature record: CXX_FEATURE:1cxx_aggregate_default_initializers
    Feature record: CXX_FEATURE:1cxx_alias_templates
    Feature record: CXX_FEATURE:1cxx_alignas
    Feature record: CXX_FEATURE:1cxx_alignof
    Feature record: CXX_FEATURE:1cxx_attributes
    Feature record: CXX_FEATURE:1cxx_attribute_deprecated
    Feature record: CXX_FEATURE:1cxx_auto_type
    Feature record: CXX_FEATURE:1cxx_binary_literals
    Feature record: CXX_FEATURE:1cxx_constexpr
    Feature record: CXX_FEATURE:1cxx_contextual_conversions
    Feature record: CXX_FEATURE:1cxx_decltype
    Feature record: CXX_FEATURE:1cxx_decltype_auto
    Feature record: CXX_FEATURE:1cxx_decltype_incomplete_return_types
    Feature record: CXX_FEATURE:1cxx_default_function_template_args
    Feature record: CXX_FEATURE:1cxx_defaulted_functions
    Feature record: CXX_FEATURE:1cxx_defaulted_move_initializers
    Feature record: CXX_FEATURE:1cxx_delegating_constructors
    Feature record: CXX_FEATURE:1cxx_deleted_functions
    Feature record: CXX_FEATURE:1cxx_digit_separators
    Feature record: CXX_FEATURE:1cxx_enum_forward_declarations
    Feature record: CXX_FEATURE:1cxx_explicit_conversions
    Feature record: CXX_FEATURE:1cxx_extended_friend_declarations
    Feature record: CXX_FEATURE:1cxx_extern_templates
    Feature record: CXX_FEATURE:1cxx_final
    Feature record: CXX_FEATURE:1cxx_func_identifier
    Feature record: CXX_FEATURE:1cxx_generalized_initializers
    Feature record: CXX_FEATURE:1cxx_generic_lambdas
    Feature record: CXX_FEATURE:1cxx_inheriting_constructors
    Feature record: CXX_FEATURE:1cxx_inline_namespaces
    Feature record: CXX_FEATURE:1cxx_lambdas
    Feature record: CXX_FEATURE:1cxx_lambda_init_captures
    Feature record: CXX_FEATURE:1cxx_local_type_template_args
    Feature record: CXX_FEATURE:1cxx_long_long_type
    Feature record: CXX_FEATURE:1cxx_noexcept
    Feature record: CXX_FEATURE:1cxx_nonstatic_member_init
    Feature record: CXX_FEATURE:1cxx_nullptr
    Feature record: CXX_FEATURE:1cxx_override
    Feature record: CXX_FEATURE:1cxx_range_for
    Feature record: CXX_FEATURE:1cxx_raw_string_literals
    Feature record: CXX_FEATURE:1cxx_reference_qualified_functions
    Feature record: CXX_FEATURE:1cxx_relaxed_constexpr
    Feature record: CXX_FEATURE:1cxx_return_type_deduction
    Feature record: CXX_FEATURE:1cxx_right_angle_brackets
    Feature record: CXX_FEATURE:1cxx_rvalue_references
    Feature record: CXX_FEATURE:1cxx_sizeof_member
    Feature record: CXX_FEATURE:1cxx_static_assert
    Feature record: CXX_FEATURE:1cxx_strong_enums
    Feature record: CXX_FEATURE:1cxx_template_template_parameters
    Feature record: CXX_FEATURE:1cxx_thread_local
    Feature record: CXX_FEATURE:1cxx_trailing_return_types
    Feature record: CXX_FEATURE:1cxx_unicode_literals
    Feature record: CXX_FEATURE:1cxx_uniform_initialization
    Feature record: CXX_FEATURE:1cxx_unrestricted_unions
    Feature record: CXX_FEATURE:1cxx_user_literals
    Feature record: CXX_FEATURE:1cxx_variable_templates
    Feature record: CXX_FEATURE:1cxx_variadic_macros
    Feature record: CXX_FEATURE:1cxx_variadic_templates


Detecting CXX [-std=c++14] compiler features compiled with the following output:
Change Dir: /home/nathaly/Downloads/gmsh-4.4.1-source/build/CMakeFiles/CMakeTmp

Run Build Command:"/bin/make" "cmTC_f9ffb/fast"
/bin/make -f CMakeFiles/cmTC_f9ffb.dir/build.make CMakeFiles/cmTC_f9ffb.dir/build
make[1]: Entering directory '/home/nathaly/Downloads/gmsh-4.4.1-source/build/CMakeFiles/CMakeTmp'
Building CXX object CMakeFiles/cmTC_f9ffb.dir/feature_tests.cxx.o
/bin/c++    -std=c++14 -o CMakeFiles/cmTC_f9ffb.dir/feature_tests.cxx.o -c /home/nathaly/Downloads/gmsh-4.4.1-source/build/CMakeFiles/feature_tests.cxx
Linking CXX executable cmTC_f9ffb
/usr/bin/cmake -E cmake_link_script CMakeFiles/cmTC_f9ffb.dir/link.txt --verbose=1
/bin/c++       -rdynamic CMakeFiles/cmTC_f9ffb.dir/feature_tests.cxx.o  -o cmTC_f9ffb 
make[1]: Leaving directory '/home/nathaly/Downloads/gmsh-4.4.1-source/build/CMakeFiles/CMakeTmp'


    Feature record: CXX_FEATURE:1cxx_aggregate_default_initializers
    Feature record: CXX_FEATURE:1cxx_alias_templates
    Feature record: CXX_FEATURE:1cxx_alignas
    Feature record: CXX_FEATURE:1cxx_alignof
    Feature record: CXX_FEATURE:1cxx_attributes
    Feature record: CXX_FEATURE:1cxx_attribute_deprecated
    Feature record: CXX_FEATURE:1cxx_auto_type
    Feature record: CXX_FEATURE:1cxx_binary_literals
    Feature record: CXX_FEATURE:1cxx_constexpr
    Feature record: CXX_FEATURE:1cxx_contextual_conversions
    Feature record: CXX_FEATURE:1cxx_decltype
    Feature record: CXX_FEATURE:1cxx_decltype_auto
    Feature record: CXX_FEATURE:1cxx_decltype_incomplete_return_types
    Feature record: CXX_FEATURE:1cxx_default_function_template_args
    Feature record: CXX_FEATURE:1cxx_defaulted_functions
    Feature record: CXX_FEATURE:1cxx_defaulted_move_initializers
    Feature record: CXX_FEATURE:1cxx_delegating_constructors
    Feature record: CXX_FEATURE:1cxx_deleted_functions
    Feature record: CXX_FEATURE:1cxx_digit_separators
    Feature record: CXX_FEATURE:1cxx_enum_forward_declarations
    Feature record: CXX_FEATURE:1cxx_explicit_conversions
    Feature record: CXX_FEATURE:1cxx_extended_friend_declarations
    Feature record: CXX_FEATURE:1cxx_extern_templates
    Feature record: CXX_FEATURE:1cxx_final
    Feature record: CXX_FEATURE:1cxx_func_identifier
    Feature record: CXX_FEATURE:1cxx_generalized_initializers
    Feature record: CXX_FEATURE:1cxx_generic_lambdas
    Feature record: CXX_FEATURE:1cxx_inheriting_constructors
    Feature record: CXX_FEATURE:1cxx_inline_namespaces
    Feature record: CXX_FEATURE:1cxx_lambdas
    Feature record: CXX_FEATURE:1cxx_lambda_init_captures
    Feature record: CXX_FEATURE:1cxx_local_type_template_args
    Feature record: CXX_FEATURE:1cxx_long_long_type
    Feature record: CXX_FEATURE:1cxx_noexcept
    Feature record: CXX_FEATURE:1cxx_nonstatic_member_init
    Feature record: CXX_FEATURE:1cxx_nullptr
    Feature record: CXX_FEATURE:1cxx_override
    Feature record: CXX_FEATURE:1cxx_range_for
    Feature record: CXX_FEATURE:1cxx_raw_string_literals
    Feature record: CXX_FEATURE:1cxx_reference_qualified_functions
    Feature record: CXX_FEATURE:1cxx_relaxed_constexpr
    Feature record: CXX_FEATURE:1cxx_return_type_deduction
    Feature record: CXX_FEATURE:1cxx_right_angle_brackets
    Feature record: CXX_FEATURE:1cxx_rvalue_references
    Feature record: CXX_FEATURE:1cxx_sizeof_member
    Feature record: CXX_FEATURE:1cxx_static_assert
    Feature record: CXX_FEATURE:1cxx_strong_enums
    Feature record: CXX_FEATURE:1cxx_template_template_parameters
    Feature record: CXX_FEATURE:1cxx_thread_local
    Feature record: CXX_FEATURE:1cxx_trailing_return_types
    Feature record: CXX_FEATURE:1cxx_unicode_literals
    Feature record: CXX_FEATURE:1cxx_uniform_initialization
    Feature record: CXX_FEATURE:1cxx_unrestricted_unions
    Feature record: CXX_FEATURE:1cxx_user_literals
    Feature record: CXX_FEATURE:1cxx_variable_templates
    Feature record: CXX_FEATURE:1cxx_variadic_macros
    Feature record: CXX_FEATURE:1cxx_variadic_templates


Detecting CXX [-std=c++11] compiler features compiled with the following output:
Change Dir: /home/nathaly/Downloads/gmsh-4.4.1-source/build/CMakeFiles/CMakeTmp

Run Build Command:"/bin/make" "cmTC_b939f/fast"
/bin/make -f CMakeFiles/cmTC_b939f.dir/build.make CMakeFiles/cmTC_b939f.dir/build
make[1]: Entering directory '/home/nathaly/Downloads/gmsh-4.4.1-source/build/CMakeFiles/CMakeTmp'
Building CXX object CMakeFiles/cmTC_b939f.dir/feature_tests.cxx.o
/bin/c++    -std=c++11 -o CMakeFiles/cmTC_b939f.dir/feature_tests.cxx.o -c /home/nathaly/Downloads/gmsh-4.4.1-source/build/CMakeFiles/feature_tests.cxx
Linking CXX executable cmTC_b939f
/usr/bin/cmake -E cmake_link_script CMakeFiles/cmTC_b939f.dir/link.txt --verbose=1
/bin/c++       -rdynamic CMakeFiles/cmTC_b939f.dir/feature_tests.cxx.o  -o cmTC_b939f 
make[1]: Leaving directory '/home/nathaly/Downloads/gmsh-4.4.1-source/build/CMakeFiles/CMakeTmp'


    Feature record: CXX_FEATURE:0cxx_aggregate_default_initializers
    Feature record: CXX_FEATURE:1cxx_alias_templates
    Feature record: CXX_FEATURE:1cxx_alignas
    Feature record: CXX_FEATURE:1cxx_alignof
    Feature record: CXX_FEATURE:1cxx_attributes
    Feature record: CXX_FEATURE:0cxx_attribute_deprecated
    Feature record: CXX_FEATURE:1cxx_auto_type
    Feature record: CXX_FEATURE:0cxx_binary_literals
    Feature record: CXX_FEATURE:1cxx_constexpr
    Feature record: CXX_FEATURE:0cxx_contextual_conversions
    Feature record: CXX_FEATURE:1cxx_decltype
    Feature record: CXX_FEATURE:0cxx_decltype_auto
    Feature record: CXX_FEATURE:1cxx_decltype_incomplete_return_types
    Feature record: CXX_FEATURE:1cxx_default_function_template_args
    Feature record: CXX_FEATURE:1cxx_defaulted_functions
    Feature record: CXX_FEATURE:1cxx_defaulted_move_initializers
    Feature record: CXX_FEATURE:1cxx_delegating_constructors
    Feature record: CXX_FEATURE:1cxx_deleted_functions
    Feature record: CXX_FEATURE:0cxx_digit_separators
    Feature record: CXX_FEATURE:1cxx_enum_forward_declarations
    Feature record: CXX_FEATURE:1cxx_explicit_conversions
    Feature record: CXX_FEATURE:1cxx_extended_friend_declarations
    Feature record: CXX_FEATURE:1cxx_extern_templates
    Feature record: CXX_FEATURE:1cxx_final
    Feature record: CXX_FEATURE:1cxx_func_identifier
    Feature record: CXX_FEATURE:1cxx_generalized_initializers
    Feature record: CXX_FEATURE:0cxx_generic_lambdas
    Feature record: CXX_FEATURE:1cxx_inheriting_constructors
    Feature record: CXX_FEATURE:1cxx_inline_namespaces
    Feature record: CXX_FEATURE:1cxx_lambdas
    Feature record: CXX_FEATURE:0cxx_lambda_init_captures
    Feature record: CXX_FEATURE:1cxx_local_type_template_args
    Feature record: CXX_FEATURE:1cxx_long_long_type
    Feature record: CXX_FEATURE:1cxx_noexcept
    Feature record: CXX_FEATURE:1cxx_nonstatic_member_init
    Feature record: CXX_FEATURE:1cxx_nullptr
    Feature record: CXX_FEATURE:1cxx_override
    Feature record: CXX_FEATURE:1cxx_range_for
    Feature record: CXX_FEATURE:1cxx_raw_string_literals
    Feature record: CXX_FEATURE:1cxx_reference_qualified_functions
    Feature record: CXX_FEATURE:0cxx_relaxed_constexpr
    Feature record: CXX_FEATURE:0cxx_return_type_deduction
    Feature record: CXX_FEATURE:1cxx_right_angle_brackets
    Feature record: CXX_FEATURE:1cxx_rvalue_references
    Feature record: CXX_FEATURE:1cxx_sizeof_member
    Feature record: CXX_FEATURE:1cxx_static_assert
    Feature record: CXX_FEATURE:1cxx_strong_enums
    Feature record: CXX_FEATURE:1cxx_template_template_parameters
    Feature record: CXX_FEATURE:1cxx_thread_local
    Feature record: CXX_FEATURE:1cxx_trailing_return_types
    Feature record: CXX_FEATURE:1cxx_unicode_literals
    Feature record: CXX_FEATURE:1cxx_uniform_initialization
    Feature record: CXX_FEATURE:1cxx_unrestricted_unions
    Feature record: CXX_FEATURE:1cxx_user_literals
    Feature record: CXX_FEATURE:0cxx_variable_templates
    Feature record: CXX_FEATURE:1cxx_variadic_macros
    Feature record: CXX_FEATURE:1cxx_variadic_templates


Detecting CXX [-std=c++98] compiler features compiled with the following output:
Change Dir: /home/nathaly/Downloads/gmsh-4.4.1-source/build/CMakeFiles/CMakeTmp

Run Build Command:"/bin/make" "cmTC_2ae95/fast"
/bin/make -f CMakeFiles/cmTC_2ae95.dir/build.make CMakeFiles/cmTC_2ae95.dir/build
make[1]: Entering directory '/home/nathaly/Downloads/gmsh-4.4.1-source/build/CMakeFiles/CMakeTmp'
Building CXX object CMakeFiles/cmTC_2ae95.dir/feature_tests.cxx.o
/bin/c++    -std=c++98 -o CMakeFiles/cmTC_2ae95.dir/feature_tests.cxx.o -c /home/nathaly/Downloads/gmsh-4.4.1-source/build/CMakeFiles/feature_tests.cxx
Linking CXX executable cmTC_2ae95
/usr/bin/cmake -E cmake_link_script CMakeFiles/cmTC_2ae95.dir/link.txt --verbose=1
/bin/c++       -rdynamic CMakeFiles/cmTC_2ae95.dir/feature_tests.cxx.o  -o cmTC_2ae95 
make[1]: Leaving directory '/home/nathaly/Downloads/gmsh-4.4.1-source/build/CMakeFiles/CMakeTmp'


    Feature record: CXX_FEATURE:0cxx_aggregate_default_initializers
    Feature record: CXX_FEATURE:0cxx_alias_templates
    Feature record: CXX_FEATURE:0cxx_alignas
    Feature record: CXX_FEATURE:0cxx_alignof
    Feature record: CXX_FEATURE:0cxx_attributes
    Feature record: CXX_FEATURE:0cxx_attribute_deprecated
    Feature record: CXX_FEATURE:0cxx_auto_type
    Feature record: CXX_FEATURE:0cxx_binary_literals
    Feature record: CXX_FEATURE:0cxx_constexpr
    Feature record: CXX_FEATURE:0cxx_contextual_conversions
    Feature record: CXX_FEATURE:0cxx_decltype
    Feature record: CXX_FEATURE:0cxx_decltype_auto
    Feature record: CXX_FEATURE:0cxx_decltype_incomplete_return_types
    Feature record: CXX_FEATURE:0cxx_default_function_template_args
    Feature record: CXX_FEATURE:0cxx_defaulted_functions
    Feature record: CXX_FEATURE:0cxx_defaulted_move_initializers
    Feature record: CXX_FEATURE:0cxx_delegating_constructors
    Feature record: CXX_FEATURE:0cxx_deleted_functions
    Feature record: CXX_FEATURE:0cxx_digit_separators
    Feature record: CXX_FEATURE:0cxx_enum_forward_declarations
    Feature record: CXX_FEATURE:0cxx_explicit_conversions
    Feature record: CXX_FEATURE:0cxx_extended_friend_declarations
    Feature record: CXX_FEATURE:0cxx_extern_templates
    Feature record: CXX_FEATURE:0cxx_final
    Feature record: CXX_FEATURE:0cxx_func_identifier
    Feature record: CXX_FEATURE:0cxx_generalized_initializers
    Feature record: CXX_FEATURE:0cxx_generic_lambdas
    Feature record: CXX_FEATURE:0cxx_inheriting_constructors
    Feature record: CXX_FEATURE:0cxx_inline_namespaces
    Feature record: CXX_FEATURE:0cxx_lambdas
    Feature record: CXX_FEATURE:0cxx_lambda_init_captures
    Feature record: CXX_FEATURE:0cxx_local_type_template_args
    Feature record: CXX_FEATURE:0cxx_long_long_type
    Feature record: CXX_FEATURE:0cxx_noexcept
    Feature record: CXX_FEATURE:0cxx_nonstatic_member_init
    Feature record: CXX_FEATURE:0cxx_nullptr
    Feature record: CXX_FEATURE:0cxx_override
    Feature record: CXX_FEATURE:0cxx_range_for
    Feature record: CXX_FEATURE:0cxx_raw_string_literals
    Feature record: CXX_FEATURE:0cxx_reference_qualified_functions
    Feature record: CXX_FEATURE:0cxx_relaxed_constexpr
    Feature record: CXX_FEATURE:0cxx_return_type_deduction
    Feature record: CXX_FEATURE:0cxx_right_angle_brackets
    Feature record: CXX_FEATURE:0cxx_rvalue_references
    Feature record: CXX_FEATURE:0cxx_sizeof_member
    Feature record: CXX_FEATURE:0cxx_static_assert
    Feature record: CXX_FEATURE:0cxx_strong_enums
    Feature record: CXX_FEATURE:1cxx_template_template_parameters
    Feature record: CXX_FEATURE:0cxx_thread_local
    Feature record: CXX_FEATURE:0cxx_trailing_return_types
    Feature record: CXX_FEATURE:0cxx_unicode_literals
    Feature record: CXX_FEATURE:0cxx_uniform_initialization
    Feature record: CXX_FEATURE:0cxx_unrestricted_unions
    Feature record: CXX_FEATURE:0cxx_user_literals
    Feature record: CXX_FEATURE:0cxx_variable_templates
    Feature record: CXX_FEATURE:0cxx_variadic_macros
    Feature record: CXX_FEATURE:0cxx_variadic_templates
Determining if the C compiler works passed with the following output:
Change Dir: /home/nathaly/Downloads/gmsh-4.4.1-source/build/CMakeFiles/CMakeTmp

Run Build Command:"/bin/make" "cmTC_8baf0/fast"
/bin/make -f CMakeFiles/cmTC_8baf0.dir/build.make CMakeFiles/cmTC_8baf0.dir/build
make[1]: Entering directory '/home/nathaly/Downloads/gmsh-4.4.1-source/build/CMakeFiles/CMakeTmp'
Building C object CMakeFiles/cmTC_8baf0.dir/testCCompiler.c.o
/bin/cc    -o CMakeFiles/cmTC_8baf0.dir/testCCompiler.c.o   -c /home/nathaly/Downloads/gmsh-4.4.1-source/build/CMakeFiles/CMakeTmp/testCCompiler.c
Linking C executable cmTC_8baf0
/usr/bin/cmake -E cmake_link_script CMakeFiles/cmTC_8baf0.dir/link.txt --verbose=1
/bin/cc      -rdynamic CMakeFiles/cmTC_8baf0.dir/testCCompiler.c.o  -o cmTC_8baf0 
make[1]: Leaving directory '/home/nathaly/Downloads/gmsh-4.4.1-source/build/CMakeFiles/CMakeTmp'


Detecting C compiler ABI info compiled with the following output:
Change Dir: /home/nathaly/Downloads/gmsh-4.4.1-source/build/CMakeFiles/CMakeTmp

Run Build Command:"/bin/make" "cmTC_0be80/fast"
/bin/make -f CMakeFiles/cmTC_0be80.dir/build.make CMakeFiles/cmTC_0be80.dir/build
make[1]: Entering directory '/home/nathaly/Downloads/gmsh-4.4.1-source/build/CMakeFiles/CMakeTmp'
Building C object CMakeFiles/cmTC_0be80.dir/CMakeCCompilerABI.c.o
/bin/cc    -o CMakeFiles/cmTC_0be80.dir/CMakeCCompilerABI.c.o   -c /usr/share/cmake-3.13/Modules/CMakeCCompilerABI.c
Linking C executable cmTC_0be80
/usr/bin/cmake -E cmake_link_script CMakeFiles/cmTC_0be80.dir/link.txt --verbose=1
/bin/cc     -v -rdynamic CMakeFiles/cmTC_0be80.dir/CMakeCCompilerABI.c.o  -o cmTC_0be80 
Using built-in specs.
COLLECT_GCC=/bin/cc
COLLECT_LTO_WRAPPER=/usr/lib/gcc/x86_64-linux-gnu/8/lto-wrapper
OFFLOAD_TARGET_NAMES=nvptx-none
OFFLOAD_TARGET_DEFAULT=1
Target: x86_64-linux-gnu
Configured with: ../src/configure -v --with-pkgversion='Ubuntu 8.3.0-6ubuntu1' --with-bugurl=file:///usr/share/doc/gcc-8/README.Bugs --enable-languages=c,ada,c++,go,brig,d,fortran,objc,obj-c++ --prefix=/usr --with-gcc-major-version-only --program-suffix=-8 --program-prefix=x86_64-linux-gnu- --enable-shared --enable-linker-build-id --libexecdir=/usr/lib --without-included-gettext --enable-threads=posix --libdir=/usr/lib --enable-nls --enable-bootstrap --enable-clocale=gnu --enable-libstdcxx-debug --enable-libstdcxx-time=yes --with-default-libstdcxx-abi=new --enable-gnu-unique-object --disable-vtable-verify --enable-libmpx --enable-plugin --enable-default-pie --with-system-zlib --with-target-system-zlib --enable-objc-gc=auto --enable-multiarch --disable-werror --with-arch-32=i686 --with-abi=m64 --with-multilib-list=m32,m64,mx32 --enable-multilib --with-tune=generic --enable-offload-targets=nvptx-none --without-cuda-driver --enable-checking=release --build=x86_64-linux-gnu --host=x86_64-linux-gnu --target=x86_64-linux-gnu
Thread model: posix
gcc version 8.3.0 (Ubuntu 8.3.0-6ubuntu1) 
COMPILER_PATH=/usr/lib/gcc/x86_64-linux-gnu/8/:/usr/lib/gcc/x86_64-linux-gnu/8/:/usr/lib/gcc/x86_64-linux-gnu/:/usr/lib/gcc/x86_64-linux-gnu/8/:/usr/lib/gcc/x86_64-linux-gnu/
LIBRARY_PATH=/usr/lib/gcc/x86_64-linux-gnu/8/:/usr/lib/gcc/x86_64-linux-gnu/8/../../../x86_64-linux-gnu/:/usr/lib/gcc/x86_64-linux-gnu/8/../../../../lib/:/lib/x86_64-linux-gnu/:/lib/../lib/:/usr/lib/x86_64-linux-gnu/:/usr/lib/../lib/:/usr/lib/gcc/x86_64-linux-gnu/8/../../../:/lib/:/usr/lib/
COLLECT_GCC_OPTIONS='-v' '-rdynamic' '-o' 'cmTC_0be80' '-mtune=generic' '-march=x86-64'
 /usr/lib/gcc/x86_64-linux-gnu/8/collect2 -plugin /usr/lib/gcc/x86_64-linux-gnu/8/liblto_plugin.so -plugin-opt=/usr/lib/gcc/x86_64-linux-gnu/8/lto-wrapper -plugin-opt=-fresolution=/tmp/ccGcJdaW.res -plugin-opt=-pass-through=-lgcc -plugin-opt=-pass-through=-lgcc_s -plugin-opt=-pass-through=-lc -plugin-opt=-pass-through=-lgcc -plugin-opt=-pass-through=-lgcc_s --build-id --eh-frame-hdr -m elf_x86_64 --hash-style=gnu --as-needed -export-dynamic -dynamic-linker /lib64/ld-linux-x86-64.so.2 -pie -z now -z relro -o cmTC_0be80 /usr/lib/gcc/x86_64-linux-gnu/8/../../../x86_64-linux-gnu/Scrt1.o /usr/lib/gcc/x86_64-linux-gnu/8/../../../x86_64-linux-gnu/crti.o /usr/lib/gcc/x86_64-linux-gnu/8/crtbeginS.o -L/usr/lib/gcc/x86_64-linux-gnu/8 -L/usr/lib/gcc/x86_64-linux-gnu/8/../../../x86_64-linux-gnu -L/usr/lib/gcc/x86_64-linux-gnu/8/../../../../lib -L/lib/x86_64-linux-gnu -L/lib/../lib -L/usr/lib/x86_64-linux-gnu -L/usr/lib/../lib -L/usr/lib/gcc/x86_64-linux-gnu/8/../../.. CMakeFiles/cmTC_0be80.dir/CMakeCCompilerABI.c.o -lgcc --push-state --as-needed -lgcc_s --pop-state -lc -lgcc --push-state --as-needed -lgcc_s --pop-state /usr/lib/gcc/x86_64-linux-gnu/8/crtendS.o /usr/lib/gcc/x86_64-linux-gnu/8/../../../x86_64-linux-gnu/crtn.o
COLLECT_GCC_OPTIONS='-v' '-rdynamic' '-o' 'cmTC_0be80' '-mtune=generic' '-march=x86-64'
make[1]: Leaving directory '/home/nathaly/Downloads/gmsh-4.4.1-source/build/CMakeFiles/CMakeTmp'


Parsed C implicit link information from above output:
  link line regex: [^( *|.*[/\])(ld|CMAKE_LINK_STARTFILE-NOTFOUND|([^/\]+-)?ld|collect2)[^/\]*( |$)]
  ignore line: [Change Dir: /home/nathaly/Downloads/gmsh-4.4.1-source/build/CMakeFiles/CMakeTmp]
  ignore line: []
  ignore line: [Run Build Command:"/bin/make" "cmTC_0be80/fast"]
  ignore line: [/bin/make -f CMakeFiles/cmTC_0be80.dir/build.make CMakeFiles/cmTC_0be80.dir/build]
  ignore line: [make[1]: Entering directory '/home/nathaly/Downloads/gmsh-4.4.1-source/build/CMakeFiles/CMakeTmp']
  ignore line: [Building C object CMakeFiles/cmTC_0be80.dir/CMakeCCompilerABI.c.o]
  ignore line: [/bin/cc    -o CMakeFiles/cmTC_0be80.dir/CMakeCCompilerABI.c.o   -c /usr/share/cmake-3.13/Modules/CMakeCCompilerABI.c]
  ignore line: [Linking C executable cmTC_0be80]
  ignore line: [/usr/bin/cmake -E cmake_link_script CMakeFiles/cmTC_0be80.dir/link.txt --verbose=1]
  ignore line: [/bin/cc     -v -rdynamic CMakeFiles/cmTC_0be80.dir/CMakeCCompilerABI.c.o  -o cmTC_0be80 ]
  ignore line: [Using built-in specs.]
  ignore line: [COLLECT_GCC=/bin/cc]
  ignore line: [COLLECT_LTO_WRAPPER=/usr/lib/gcc/x86_64-linux-gnu/8/lto-wrapper]
  ignore line: [OFFLOAD_TARGET_NAMES=nvptx-none]
  ignore line: [OFFLOAD_TARGET_DEFAULT=1]
  ignore line: [Target: x86_64-linux-gnu]
  ignore line: [Configured with: ../src/configure -v --with-pkgversion='Ubuntu 8.3.0-6ubuntu1' --with-bugurl=file:///usr/share/doc/gcc-8/README.Bugs --enable-languages=c,ada,c++,go,brig,d,fortran,objc,obj-c++ --prefix=/usr --with-gcc-major-version-only --program-suffix=-8 --program-prefix=x86_64-linux-gnu- --enable-shared --enable-linker-build-id --libexecdir=/usr/lib --without-included-gettext --enable-threads=posix --libdir=/usr/lib --enable-nls --enable-bootstrap --enable-clocale=gnu --enable-libstdcxx-debug --enable-libstdcxx-time=yes --with-default-libstdcxx-abi=new --enable-gnu-unique-object --disable-vtable-verify --enable-libmpx --enable-plugin --enable-default-pie --with-system-zlib --with-target-system-zlib --enable-objc-gc=auto --enable-multiarch --disable-werror --with-arch-32=i686 --with-abi=m64 --with-multilib-list=m32,m64,mx32 --enable-multilib --with-tune=generic --enable-offload-targets=nvptx-none --without-cuda-driver --enable-checking=release --build=x86_64-linux-gnu --host=x86_64-linux-gnu --target=x86_64-linux-gnu]
  ignore line: [Thread model: posix]
  ignore line: [gcc version 8.3.0 (Ubuntu 8.3.0-6ubuntu1) ]
  ignore line: [COMPILER_PATH=/usr/lib/gcc/x86_64-linux-gnu/8/:/usr/lib/gcc/x86_64-linux-gnu/8/:/usr/lib/gcc/x86_64-linux-gnu/:/usr/lib/gcc/x86_64-linux-gnu/8/:/usr/lib/gcc/x86_64-linux-gnu/]
  ignore line: [LIBRARY_PATH=/usr/lib/gcc/x86_64-linux-gnu/8/:/usr/lib/gcc/x86_64-linux-gnu/8/../../../x86_64-linux-gnu/:/usr/lib/gcc/x86_64-linux-gnu/8/../../../../lib/:/lib/x86_64-linux-gnu/:/lib/../lib/:/usr/lib/x86_64-linux-gnu/:/usr/lib/../lib/:/usr/lib/gcc/x86_64-linux-gnu/8/../../../:/lib/:/usr/lib/]
  ignore line: [COLLECT_GCC_OPTIONS='-v' '-rdynamic' '-o' 'cmTC_0be80' '-mtune=generic' '-march=x86-64']
  link line: [ /usr/lib/gcc/x86_64-linux-gnu/8/collect2 -plugin /usr/lib/gcc/x86_64-linux-gnu/8/liblto_plugin.so -plugin-opt=/usr/lib/gcc/x86_64-linux-gnu/8/lto-wrapper -plugin-opt=-fresolution=/tmp/ccGcJdaW.res -plugin-opt=-pass-through=-lgcc -plugin-opt=-pass-through=-lgcc_s -plugin-opt=-pass-through=-lc -plugin-opt=-pass-through=-lgcc -plugin-opt=-pass-through=-lgcc_s --build-id --eh-frame-hdr -m elf_x86_64 --hash-style=gnu --as-needed -export-dynamic -dynamic-linker /lib64/ld-linux-x86-64.so.2 -pie -z now -z relro -o cmTC_0be80 /usr/lib/gcc/x86_64-linux-gnu/8/../../../x86_64-linux-gnu/Scrt1.o /usr/lib/gcc/x86_64-linux-gnu/8/../../../x86_64-linux-gnu/crti.o /usr/lib/gcc/x86_64-linux-gnu/8/crtbeginS.o -L/usr/lib/gcc/x86_64-linux-gnu/8 -L/usr/lib/gcc/x86_64-linux-gnu/8/../../../x86_64-linux-gnu -L/usr/lib/gcc/x86_64-linux-gnu/8/../../../../lib -L/lib/x86_64-linux-gnu -L/lib/../lib -L/usr/lib/x86_64-linux-gnu -L/usr/lib/../lib -L/usr/lib/gcc/x86_64-linux-gnu/8/../../.. CMakeFiles/cmTC_0be80.dir/CMakeCCompilerABI.c.o -lgcc --push-state --as-needed -lgcc_s --pop-state -lc -lgcc --push-state --as-needed -lgcc_s --pop-state /usr/lib/gcc/x86_64-linux-gnu/8/crtendS.o /usr/lib/gcc/x86_64-linux-gnu/8/../../../x86_64-linux-gnu/crtn.o]
    arg [/usr/lib/gcc/x86_64-linux-gnu/8/collect2] ==> ignore
    arg [-plugin] ==> ignore
    arg [/usr/lib/gcc/x86_64-linux-gnu/8/liblto_plugin.so] ==> ignore
    arg [-plugin-opt=/usr/lib/gcc/x86_64-linux-gnu/8/lto-wrapper] ==> ignore
    arg [-plugin-opt=-fresolution=/tmp/ccGcJdaW.res] ==> ignore
    arg [-plugin-opt=-pass-through=-lgcc] ==> ignore
    arg [-plugin-opt=-pass-through=-lgcc_s] ==> ignore
    arg [-plugin-opt=-pass-through=-lc] ==> ignore
    arg [-plugin-opt=-pass-through=-lgcc] ==> ignore
    arg [-plugin-opt=-pass-through=-lgcc_s] ==> ignore
    arg [--build-id] ==> ignore
    arg [--eh-frame-hdr] ==> ignore
    arg [-m] ==> ignore
    arg [elf_x86_64] ==> ignore
    arg [--hash-style=gnu] ==> ignore
    arg [--as-needed] ==> ignore
    arg [-export-dynamic] ==> ignore
    arg [-dynamic-linker] ==> ignore
    arg [/lib64/ld-linux-x86-64.so.2] ==> ignore
    arg [-pie] ==> ignore
    arg [-znow] ==> ignore
    arg [-zrelro] ==> ignore
    arg [-o] ==> ignore
    arg [cmTC_0be80] ==> ignore
    arg [/usr/lib/gcc/x86_64-linux-gnu/8/../../../x86_64-linux-gnu/Scrt1.o] ==> ignore
    arg [/usr/lib/gcc/x86_64-linux-gnu/8/../../../x86_64-linux-gnu/crti.o] ==> ignore
    arg [/usr/lib/gcc/x86_64-linux-gnu/8/crtbeginS.o] ==> ignore
    arg [-L/usr/lib/gcc/x86_64-linux-gnu/8] ==> dir [/usr/lib/gcc/x86_64-linux-gnu/8]
    arg [-L/usr/lib/gcc/x86_64-linux-gnu/8/../../../x86_64-linux-gnu] ==> dir [/usr/lib/gcc/x86_64-linux-gnu/8/../../../x86_64-linux-gnu]
    arg [-L/usr/lib/gcc/x86_64-linux-gnu/8/../../../../lib] ==> dir [/usr/lib/gcc/x86_64-linux-gnu/8/../../../../lib]
    arg [-L/lib/x86_64-linux-gnu] ==> dir [/lib/x86_64-linux-gnu]
    arg [-L/lib/../lib] ==> dir [/lib/../lib]
    arg [-L/usr/lib/x86_64-linux-gnu] ==> dir [/usr/lib/x86_64-linux-gnu]
    arg [-L/usr/lib/../lib] ==> dir [/usr/lib/../lib]
    arg [-L/usr/lib/gcc/x86_64-linux-gnu/8/../../..] ==> dir [/usr/lib/gcc/x86_64-linux-gnu/8/../../..]
    arg [CMakeFiles/cmTC_0be80.dir/CMakeCCompilerABI.c.o] ==> ignore
    arg [-lgcc] ==> lib [gcc]
    arg [--push-state] ==> ignore
    arg [--as-needed] ==> ignore
    arg [-lgcc_s] ==> lib [gcc_s]
    arg [--pop-state] ==> ignore
    arg [-lc] ==> lib [c]
    arg [-lgcc] ==> lib [gcc]
    arg [--push-state] ==> ignore
    arg [--as-needed] ==> ignore
    arg [-lgcc_s] ==> lib [gcc_s]
    arg [--pop-state] ==> ignore
    arg [/usr/lib/gcc/x86_64-linux-gnu/8/crtendS.o] ==> ignore
    arg [/usr/lib/gcc/x86_64-linux-gnu/8/../../../x86_64-linux-gnu/crtn.o] ==> ignore
  collapse library dir [/usr/lib/gcc/x86_64-linux-gnu/8] ==> [/usr/lib/gcc/x86_64-linux-gnu/8]
  collapse library dir [/usr/lib/gcc/x86_64-linux-gnu/8/../../../x86_64-linux-gnu] ==> [/usr/lib/x86_64-linux-gnu]
  collapse library dir [/usr/lib/gcc/x86_64-linux-gnu/8/../../../../lib] ==> [/usr/lib]
  collapse library dir [/lib/x86_64-linux-gnu] ==> [/lib/x86_64-linux-gnu]
  collapse library dir [/lib/../lib] ==> [/lib]
  collapse library dir [/usr/lib/x86_64-linux-gnu] ==> [/usr/lib/x86_64-linux-gnu]
  collapse library dir [/usr/lib/../lib] ==> [/usr/lib]
  collapse library dir [/usr/lib/gcc/x86_64-linux-gnu/8/../../..] ==> [/usr/lib]
  implicit libs: [gcc;gcc_s;c;gcc;gcc_s]
  implicit dirs: [/usr/lib/gcc/x86_64-linux-gnu/8;/usr/lib/x86_64-linux-gnu;/usr/lib;/lib/x86_64-linux-gnu;/lib]
  implicit fwks: []




Detecting C [-std=c11] compiler features compiled with the following output:
Change Dir: /home/nathaly/Downloads/gmsh-4.4.1-source/build/CMakeFiles/CMakeTmp

Run Build Command:"/bin/make" "cmTC_ba848/fast"
/bin/make -f CMakeFiles/cmTC_ba848.dir/build.make CMakeFiles/cmTC_ba848.dir/build
make[1]: Entering directory '/home/nathaly/Downloads/gmsh-4.4.1-source/build/CMakeFiles/CMakeTmp'
Building C object CMakeFiles/cmTC_ba848.dir/feature_tests.c.o
/bin/cc   -std=c11 -o CMakeFiles/cmTC_ba848.dir/feature_tests.c.o   -c /home/nathaly/Downloads/gmsh-4.4.1-source/build/CMakeFiles/feature_tests.c
Linking C executable cmTC_ba848
/usr/bin/cmake -E cmake_link_script CMakeFiles/cmTC_ba848.dir/link.txt --verbose=1
/bin/cc      -rdynamic CMakeFiles/cmTC_ba848.dir/feature_tests.c.o  -o cmTC_ba848 
make[1]: Leaving directory '/home/nathaly/Downloads/gmsh-4.4.1-source/build/CMakeFiles/CMakeTmp'


    Feature record: C_FEATURE:1c_function_prototypes
    Feature record: C_FEATURE:1c_restrict
    Feature record: C_FEATURE:1c_static_assert
    Feature record: C_FEATURE:1c_variadic_macros


Detecting C [-std=c99] compiler features compiled with the following output:
Change Dir: /home/nathaly/Downloads/gmsh-4.4.1-source/build/CMakeFiles/CMakeTmp

Run Build Command:"/bin/make" "cmTC_89686/fast"
/bin/make -f CMakeFiles/cmTC_89686.dir/build.make CMakeFiles/cmTC_89686.dir/build
make[1]: Entering directory '/home/nathaly/Downloads/gmsh-4.4.1-source/build/CMakeFiles/CMakeTmp'
Building C object CMakeFiles/cmTC_89686.dir/feature_tests.c.o
/bin/cc   -std=c99 -o CMakeFiles/cmTC_89686.dir/feature_tests.c.o   -c /home/nathaly/Downloads/gmsh-4.4.1-source/build/CMakeFiles/feature_tests.c
Linking C executable cmTC_89686
/usr/bin/cmake -E cmake_link_script CMakeFiles/cmTC_89686.dir/link.txt --verbose=1
/bin/cc      -rdynamic CMakeFiles/cmTC_89686.dir/feature_tests.c.o  -o cmTC_89686 
make[1]: Leaving directory '/home/nathaly/Downloads/gmsh-4.4.1-source/build/CMakeFiles/CMakeTmp'


    Feature record: C_FEATURE:1c_function_prototypes
    Feature record: C_FEATURE:1c_restrict
    Feature record: C_FEATURE:0c_static_assert
    Feature record: C_FEATURE:1c_variadic_macros


Detecting C [-std=c90] compiler features compiled with the following output:
Change Dir: /home/nathaly/Downloads/gmsh-4.4.1-source/build/CMakeFiles/CMakeTmp

Run Build Command:"/bin/make" "cmTC_5578f/fast"
/bin/make -f CMakeFiles/cmTC_5578f.dir/build.make CMakeFiles/cmTC_5578f.dir/build
make[1]: Entering directory '/home/nathaly/Downloads/gmsh-4.4.1-source/build/CMakeFiles/CMakeTmp'
Building C object CMakeFiles/cmTC_5578f.dir/feature_tests.c.o
/bin/cc   -std=c90 -o CMakeFiles/cmTC_5578f.dir/feature_tests.c.o   -c /home/nathaly/Downloads/gmsh-4.4.1-source/build/CMakeFiles/feature_tests.c
Linking C executable cmTC_5578f
/usr/bin/cmake -E cmake_link_script CMakeFiles/cmTC_5578f.dir/link.txt --verbose=1
/bin/cc      -rdynamic CMakeFiles/cmTC_5578f.dir/feature_tests.c.o  -o cmTC_5578f 
make[1]: Leaving directory '/home/nathaly/Downloads/gmsh-4.4.1-source/build/CMakeFiles/CMakeTmp'


    Feature record: C_FEATURE:1c_function_prototypes
    Feature record: C_FEATURE:0c_restrict
    Feature record: C_FEATURE:0c_static_assert
    Feature record: C_FEATURE:0c_variadic_macros
Determining if the include file sys/types.h exists passed with the following output:
Change Dir: /home/nathaly/Downloads/gmsh-4.4.1-source/build/CMakeFiles/CMakeTmp

Run Build Command:"/bin/make" "cmTC_0fb9e/fast"
/bin/make -f CMakeFiles/cmTC_0fb9e.dir/build.make CMakeFiles/cmTC_0fb9e.dir/build
make[1]: Entering directory '/home/nathaly/Downloads/gmsh-4.4.1-source/build/CMakeFiles/CMakeTmp'
Building C object CMakeFiles/cmTC_0fb9e.dir/CheckIncludeFile.c.o
/bin/cc    -o CMakeFiles/cmTC_0fb9e.dir/CheckIncludeFile.c.o   -c /home/nathaly/Downloads/gmsh-4.4.1-source/build/CMakeFiles/CMakeTmp/CheckIncludeFile.c
Linking C executable cmTC_0fb9e
/usr/bin/cmake -E cmake_link_script CMakeFiles/cmTC_0fb9e.dir/link.txt --verbose=1
/bin/cc      -rdynamic CMakeFiles/cmTC_0fb9e.dir/CheckIncludeFile.c.o  -o cmTC_0fb9e 
make[1]: Leaving directory '/home/nathaly/Downloads/gmsh-4.4.1-source/build/CMakeFiles/CMakeTmp'


Determining if the include file stdint.h exists passed with the following output:
Change Dir: /home/nathaly/Downloads/gmsh-4.4.1-source/build/CMakeFiles/CMakeTmp

Run Build Command:"/bin/make" "cmTC_cb278/fast"
/bin/make -f CMakeFiles/cmTC_cb278.dir/build.make CMakeFiles/cmTC_cb278.dir/build
make[1]: Entering directory '/home/nathaly/Downloads/gmsh-4.4.1-source/build/CMakeFiles/CMakeTmp'
Building C object CMakeFiles/cmTC_cb278.dir/CheckIncludeFile.c.o
/bin/cc    -o CMakeFiles/cmTC_cb278.dir/CheckIncludeFile.c.o   -c /home/nathaly/Downloads/gmsh-4.4.1-source/build/CMakeFiles/CMakeTmp/CheckIncludeFile.c
Linking C executable cmTC_cb278
/usr/bin/cmake -E cmake_link_script CMakeFiles/cmTC_cb278.dir/link.txt --verbose=1
/bin/cc      -rdynamic CMakeFiles/cmTC_cb278.dir/CheckIncludeFile.c.o  -o cmTC_cb278 
make[1]: Leaving directory '/home/nathaly/Downloads/gmsh-4.4.1-source/build/CMakeFiles/CMakeTmp'


Determining if the include file stddef.h exists passed with the following output:
Change Dir: /home/nathaly/Downloads/gmsh-4.4.1-source/build/CMakeFiles/CMakeTmp

Run Build Command:"/bin/make" "cmTC_b36df/fast"
/bin/make -f CMakeFiles/cmTC_b36df.dir/build.make CMakeFiles/cmTC_b36df.dir/build
make[1]: Entering directory '/home/nathaly/Downloads/gmsh-4.4.1-source/build/CMakeFiles/CMakeTmp'
Building C object CMakeFiles/cmTC_b36df.dir/CheckIncludeFile.c.o
/bin/cc    -o CMakeFiles/cmTC_b36df.dir/CheckIncludeFile.c.o   -c /home/nathaly/Downloads/gmsh-4.4.1-source/build/CMakeFiles/CMakeTmp/CheckIncludeFile.c
Linking C executable cmTC_b36df
/usr/bin/cmake -E cmake_link_script CMakeFiles/cmTC_b36df.dir/link.txt --verbose=1
/bin/cc      -rdynamic CMakeFiles/cmTC_b36df.dir/CheckIncludeFile.c.o  -o cmTC_b36df 
make[1]: Leaving directory '/home/nathaly/Downloads/gmsh-4.4.1-source/build/CMakeFiles/CMakeTmp'


Determining size of void* passed with the following output:
Change Dir: /home/nathaly/Downloads/gmsh-4.4.1-source/build/CMakeFiles/CMakeTmp

Run Build Command:"/bin/make" "cmTC_81416/fast"
/bin/make -f CMakeFiles/cmTC_81416.dir/build.make CMakeFiles/cmTC_81416.dir/build
make[1]: Entering directory '/home/nathaly/Downloads/gmsh-4.4.1-source/build/CMakeFiles/CMakeTmp'
Building C object CMakeFiles/cmTC_81416.dir/SIZEOF_VOID_P.c.o
/bin/cc    -o CMakeFiles/cmTC_81416.dir/SIZEOF_VOID_P.c.o   -c /home/nathaly/Downloads/gmsh-4.4.1-source/build/CMakeFiles/CheckTypeSize/SIZEOF_VOID_P.c
Linking C executable cmTC_81416
/usr/bin/cmake -E cmake_link_script CMakeFiles/cmTC_81416.dir/link.txt --verbose=1
/bin/cc      -rdynamic CMakeFiles/cmTC_81416.dir/SIZEOF_VOID_P.c.o  -o cmTC_81416 
make[1]: Leaving directory '/home/nathaly/Downloads/gmsh-4.4.1-source/build/CMakeFiles/CMakeTmp'


Performing C++ SOURCE FILE Test STDCXX11 succeeded with the following output:
Change Dir: /home/nathaly/Downloads/gmsh-4.4.1-source/build/CMakeFiles/CMakeTmp

Run Build Command:"/bin/make" "cmTC_5ebd5/fast"
/bin/make -f CMakeFiles/cmTC_5ebd5.dir/build.make CMakeFiles/cmTC_5ebd5.dir/build
make[1]: Entering directory '/home/nathaly/Downloads/gmsh-4.4.1-source/build/CMakeFiles/CMakeTmp'
Building CXX object CMakeFiles/cmTC_5ebd5.dir/src.cxx.o
/bin/c++    -DSTDCXX11   -std=c++11 -o CMakeFiles/cmTC_5ebd5.dir/src.cxx.o -c /home/nathaly/Downloads/gmsh-4.4.1-source/build/CMakeFiles/CMakeTmp/src.cxx
Linking CXX executable cmTC_5ebd5
/usr/bin/cmake -E cmake_link_script CMakeFiles/cmTC_5ebd5.dir/link.txt --verbose=1
/bin/c++   -DSTDCXX11    -rdynamic CMakeFiles/cmTC_5ebd5.dir/src.cxx.o  -o cmTC_5ebd5 
make[1]: Leaving directory '/home/nathaly/Downloads/gmsh-4.4.1-source/build/CMakeFiles/CMakeTmp'

Source file was:
int main() { return 0; }
Performing C SOURCE FILE Test STDC99 succeeded with the following output:
Change Dir: /home/nathaly/Downloads/gmsh-4.4.1-source/build/CMakeFiles/CMakeTmp

Run Build Command:"/bin/make" "cmTC_a132a/fast"
/bin/make -f CMakeFiles/cmTC_a132a.dir/build.make CMakeFiles/cmTC_a132a.dir/build
make[1]: Entering directory '/home/nathaly/Downloads/gmsh-4.4.1-source/build/CMakeFiles/CMakeTmp'
Building C object CMakeFiles/cmTC_a132a.dir/src.c.o
/bin/cc   -DSTDC99   -std=c99 -o CMakeFiles/cmTC_a132a.dir/src.c.o   -c /home/nathaly/Downloads/gmsh-4.4.1-source/build/CMakeFiles/CMakeTmp/src.c
Linking C executable cmTC_a132a
/usr/bin/cmake -E cmake_link_script CMakeFiles/cmTC_a132a.dir/link.txt --verbose=1
/bin/cc  -DSTDC99    -rdynamic CMakeFiles/cmTC_a132a.dir/src.c.o  -o cmTC_a132a 
make[1]: Leaving directory '/home/nathaly/Downloads/gmsh-4.4.1-source/build/CMakeFiles/CMakeTmp'

Source file was:
int main(void) { return 0; }
Determining if the include file immintrin.h exists passed with the following output:
Change Dir: /home/nathaly/Downloads/gmsh-4.4.1-source/build/CMakeFiles/CMakeTmp

Run Build Command:"/bin/make" "cmTC_9748b/fast"
/bin/make -f CMakeFiles/cmTC_9748b.dir/build.make CMakeFiles/cmTC_9748b.dir/build
make[1]: Entering directory '/home/nathaly/Downloads/gmsh-4.4.1-source/build/CMakeFiles/CMakeTmp'
Building C object CMakeFiles/cmTC_9748b.dir/CheckIncludeFile.c.o
/bin/cc   -std=c99    -o CMakeFiles/cmTC_9748b.dir/CheckIncludeFile.c.o   -c /home/nathaly/Downloads/gmsh-4.4.1-source/build/CMakeFiles/CMakeTmp/CheckIncludeFile.c
Linking C executable cmTC_9748b
/usr/bin/cmake -E cmake_link_script CMakeFiles/cmTC_9748b.dir/link.txt --verbose=1
/bin/cc  -std=c99     -rdynamic CMakeFiles/cmTC_9748b.dir/CheckIncludeFile.c.o  -o cmTC_9748b 
make[1]: Leaving directory '/home/nathaly/Downloads/gmsh-4.4.1-source/build/CMakeFiles/CMakeTmp'


Determining if the function vsnprintf exists passed with the following output:
Change Dir: /home/nathaly/Downloads/gmsh-4.4.1-source/build/CMakeFiles/CMakeTmp

Run Build Command:"/bin/make" "cmTC_2c742/fast"
/bin/make -f CMakeFiles/cmTC_2c742.dir/build.make CMakeFiles/cmTC_2c742.dir/build
make[1]: Entering directory '/home/nathaly/Downloads/gmsh-4.4.1-source/build/CMakeFiles/CMakeTmp'
Building C object CMakeFiles/cmTC_2c742.dir/CheckFunctionExists.c.o
/bin/cc   -std=c99 -DCHECK_FUNCTION_EXISTS=vsnprintf   -o CMakeFiles/cmTC_2c742.dir/CheckFunctionExists.c.o   -c /usr/share/cmake-3.13/Modules/CheckFunctionExists.c
<command-line>: warning: conflicting types for built-in function vsnprintf [-Wbuiltin-declaration-mismatch]
/usr/share/cmake-3.13/Modules/CheckFunctionExists.c:7:3: note: in expansion of macro CHECK_FUNCTION_EXISTS
   CHECK_FUNCTION_EXISTS(void);
   ^~~~~~~~~~~~~~~~~~~~~
Linking C executable cmTC_2c742
/usr/bin/cmake -E cmake_link_script CMakeFiles/cmTC_2c742.dir/link.txt --verbose=1
/bin/cc  -std=c99 -DCHECK_FUNCTION_EXISTS=vsnprintf    -rdynamic CMakeFiles/cmTC_2c742.dir/CheckFunctionExists.c.o  -o cmTC_2c742 
make[1]: Leaving directory '/home/nathaly/Downloads/gmsh-4.4.1-source/build/CMakeFiles/CMakeTmp'


Determining if the include file sys/socket.h exists passed with the following output:
Change Dir: /home/nathaly/Downloads/gmsh-4.4.1-source/build/CMakeFiles/CMakeTmp

Run Build Command:"/bin/make" "cmTC_ab366/fast"
/bin/make -f CMakeFiles/cmTC_ab366.dir/build.make CMakeFiles/cmTC_ab366.dir/build
make[1]: Entering directory '/home/nathaly/Downloads/gmsh-4.4.1-source/build/CMakeFiles/CMakeTmp'
Building C object CMakeFiles/cmTC_ab366.dir/CheckIncludeFile.c.o
/bin/cc   -std=c99    -o CMakeFiles/cmTC_ab366.dir/CheckIncludeFile.c.o   -c /home/nathaly/Downloads/gmsh-4.4.1-source/build/CMakeFiles/CMakeTmp/CheckIncludeFile.c
Linking C executable cmTC_ab366
/usr/bin/cmake -E cmake_link_script CMakeFiles/cmTC_ab366.dir/link.txt --verbose=1
/bin/cc  -std=c99     -rdynamic CMakeFiles/cmTC_ab366.dir/CheckIncludeFile.c.o  -o cmTC_ab366 
make[1]: Leaving directory '/home/nathaly/Downloads/gmsh-4.4.1-source/build/CMakeFiles/CMakeTmp'


Determining size of socklen_t passed with the following output:
Change Dir: /home/nathaly/Downloads/gmsh-4.4.1-source/build/CMakeFiles/CMakeTmp

Run Build Command:"/bin/make" "cmTC_57e8c/fast"
/bin/make -f CMakeFiles/cmTC_57e8c.dir/build.make CMakeFiles/cmTC_57e8c.dir/build
make[1]: Entering directory '/home/nathaly/Downloads/gmsh-4.4.1-source/build/CMakeFiles/CMakeTmp'
Building C object CMakeFiles/cmTC_57e8c.dir/SOCKLEN_T_SIZE.c.o
/bin/cc   -std=c99    -o CMakeFiles/cmTC_57e8c.dir/SOCKLEN_T_SIZE.c.o   -c /home/nathaly/Downloads/gmsh-4.4.1-source/build/CMakeFiles/CheckTypeSize/SOCKLEN_T_SIZE.c
Linking C executable cmTC_57e8c
/usr/bin/cmake -E cmake_link_script CMakeFiles/cmTC_57e8c.dir/link.txt --verbose=1
/bin/cc  -std=c99     -rdynamic CMakeFiles/cmTC_57e8c.dir/SOCKLEN_T_SIZE.c.o  -o cmTC_57e8c 
make[1]: Leaving directory '/home/nathaly/Downloads/gmsh-4.4.1-source/build/CMakeFiles/CMakeTmp'


Determining size of intptr_t passed with the following output:
Change Dir: /home/nathaly/Downloads/gmsh-4.4.1-source/build/CMakeFiles/CMakeTmp

Run Build Command:"/bin/make" "cmTC_bee44/fast"
/bin/make -f CMakeFiles/cmTC_bee44.dir/build.make CMakeFiles/cmTC_bee44.dir/build
make[1]: Entering directory '/home/nathaly/Downloads/gmsh-4.4.1-source/build/CMakeFiles/CMakeTmp'
Building C object CMakeFiles/cmTC_bee44.dir/INTPTR_T_SIZE.c.o
/bin/cc   -std=c99    -o CMakeFiles/cmTC_bee44.dir/INTPTR_T_SIZE.c.o   -c /home/nathaly/Downloads/gmsh-4.4.1-source/build/CMakeFiles/CheckTypeSize/INTPTR_T_SIZE.c
Linking C executable cmTC_bee44
/usr/bin/cmake -E cmake_link_script CMakeFiles/cmTC_bee44.dir/link.txt --verbose=1
/bin/cc  -std=c99     -rdynamic CMakeFiles/cmTC_bee44.dir/INTPTR_T_SIZE.c.o  -o cmTC_bee44 
make[1]: Leaving directory '/home/nathaly/Downloads/gmsh-4.4.1-source/build/CMakeFiles/CMakeTmp'


Determining if the include file dlfcn.h exists passed with the following output:
Change Dir: /home/nathaly/Downloads/gmsh-4.4.1-source/build/CMakeFiles/CMakeTmp

Run Build Command:"/bin/make" "cmTC_eb643/fast"
/bin/make -f CMakeFiles/cmTC_eb643.dir/build.make CMakeFiles/cmTC_eb643.dir/build
make[1]: Entering directory '/home/nathaly/Downloads/gmsh-4.4.1-source/build/CMakeFiles/CMakeTmp'
Building C object CMakeFiles/cmTC_eb643.dir/CheckIncludeFile.c.o
/bin/cc   -std=c99    -o CMakeFiles/cmTC_eb643.dir/CheckIncludeFile.c.o   -c /home/nathaly/Downloads/gmsh-4.4.1-source/build/CMakeFiles/CMakeTmp/CheckIncludeFile.c
Linking C executable cmTC_eb643
/usr/bin/cmake -E cmake_link_script CMakeFiles/cmTC_eb643.dir/link.txt --verbose=1
/bin/cc  -std=c99     -rdynamic CMakeFiles/cmTC_eb643.dir/CheckIncludeFile.c.o  -o cmTC_eb643 
make[1]: Leaving directory '/home/nathaly/Downloads/gmsh-4.4.1-source/build/CMakeFiles/CMakeTmp'


Determining if the include file linux/joystick.h exists passed with the following output:
Change Dir: /home/nathaly/Downloads/gmsh-4.4.1-source/build/CMakeFiles/CMakeTmp

Run Build Command:"/bin/make" "cmTC_5b611/fast"
/bin/make -f CMakeFiles/cmTC_5b611.dir/build.make CMakeFiles/cmTC_5b611.dir/build
make[1]: Entering directory '/home/nathaly/Downloads/gmsh-4.4.1-source/build/CMakeFiles/CMakeTmp'
Building C object CMakeFiles/cmTC_5b611.dir/CheckIncludeFile.c.o
/bin/cc   -std=c99    -o CMakeFiles/cmTC_5b611.dir/CheckIncludeFile.c.o   -c /home/nathaly/Downloads/gmsh-4.4.1-source/build/CMakeFiles/CMakeTmp/CheckIncludeFile.c
Linking C executable cmTC_5b611
/usr/bin/cmake -E cmake_link_script CMakeFiles/cmTC_5b611.dir/link.txt --verbose=1
/bin/cc  -std=c99     -rdynamic CMakeFiles/cmTC_5b611.dir/CheckIncludeFile.c.o  -o cmTC_5b611 
make[1]: Leaving directory '/home/nathaly/Downloads/gmsh-4.4.1-source/build/CMakeFiles/CMakeTmp'


Performing C++ SOURCE FILE Test WALL succeeded with the following output:
Change Dir: /home/nathaly/Downloads/gmsh-4.4.1-source/build/CMakeFiles/CMakeTmp

Run Build Command:"/bin/make" "cmTC_0883c/fast"
/bin/make -f CMakeFiles/cmTC_0883c.dir/build.make CMakeFiles/cmTC_0883c.dir/build
make[1]: Entering directory '/home/nathaly/Downloads/gmsh-4.4.1-source/build/CMakeFiles/CMakeTmp'
Building CXX object CMakeFiles/cmTC_0883c.dir/src.cxx.o
/bin/c++    -std=c++11 -DWALL   -Wall -o CMakeFiles/cmTC_0883c.dir/src.cxx.o -c /home/nathaly/Downloads/gmsh-4.4.1-source/build/CMakeFiles/CMakeTmp/src.cxx
Linking CXX executable cmTC_0883c
/usr/bin/cmake -E cmake_link_script CMakeFiles/cmTC_0883c.dir/link.txt --verbose=1
/bin/c++   -std=c++11 -DWALL    -rdynamic CMakeFiles/cmTC_0883c.dir/src.cxx.o  -o cmTC_0883c 
make[1]: Leaving directory '/home/nathaly/Downloads/gmsh-4.4.1-source/build/CMakeFiles/CMakeTmp'

Source file was:
int main() { return 0; }
Performing C++ SOURCE FILE Test WDEPREC succeeded with the following output:
Change Dir: /home/nathaly/Downloads/gmsh-4.4.1-source/build/CMakeFiles/CMakeTmp

Run Build Command:"/bin/make" "cmTC_d2700/fast"
/bin/make -f CMakeFiles/cmTC_d2700.dir/build.make CMakeFiles/cmTC_d2700.dir/build
make[1]: Entering directory '/home/nathaly/Downloads/gmsh-4.4.1-source/build/CMakeFiles/CMakeTmp'
Building CXX object CMakeFiles/cmTC_d2700.dir/src.cxx.o
/bin/c++    -std=c++11 -DWDEPREC   -Wdeprecated-declarations -o CMakeFiles/cmTC_d2700.dir/src.cxx.o -c /home/nathaly/Downloads/gmsh-4.4.1-source/build/CMakeFiles/CMakeTmp/src.cxx
Linking CXX executable cmTC_d2700
/usr/bin/cmake -E cmake_link_script CMakeFiles/cmTC_d2700.dir/link.txt --verbose=1
/bin/c++   -std=c++11 -DWDEPREC    -rdynamic CMakeFiles/cmTC_d2700.dir/src.cxx.o  -o cmTC_d2700 
make[1]: Leaving directory '/home/nathaly/Downloads/gmsh-4.4.1-source/build/CMakeFiles/CMakeTmp'

Source file was:
int main() { return 0; }
Performing C++ SOURCE FILE Test WIND succeeded with the following output:
Change Dir: /home/nathaly/Downloads/gmsh-4.4.1-source/build/CMakeFiles/CMakeTmp

Run Build Command:"/bin/make" "cmTC_5b241/fast"
/bin/make -f CMakeFiles/cmTC_5b241.dir/build.make CMakeFiles/cmTC_5b241.dir/build
make[1]: Entering directory '/home/nathaly/Downloads/gmsh-4.4.1-source/build/CMakeFiles/CMakeTmp'
Building CXX object CMakeFiles/cmTC_5b241.dir/src.cxx.o
/bin/c++    -std=c++11 -DWIND   -Wmisleading-indentation -o CMakeFiles/cmTC_5b241.dir/src.cxx.o -c /home/nathaly/Downloads/gmsh-4.4.1-source/build/CMakeFiles/CMakeTmp/src.cxx
Linking CXX executable cmTC_5b241
/usr/bin/cmake -E cmake_link_script CMakeFiles/cmTC_5b241.dir/link.txt --verbose=1
/bin/c++   -std=c++11 -DWIND    -rdynamic CMakeFiles/cmTC_5b241.dir/src.cxx.o  -o cmTC_5b241 
make[1]: Leaving directory '/home/nathaly/Downloads/gmsh-4.4.1-source/build/CMakeFiles/CMakeTmp'

Source file was:
int main() { return 0; }
Performing C++ SOURCE FILE Test NOWARN succeeded with the following output:
Change Dir: /home/nathaly/Downloads/gmsh-4.4.1-source/build/CMakeFiles/CMakeTmp

Run Build Command:"/bin/make" "cmTC_86a19/fast"
/bin/make -f CMakeFiles/cmTC_86a19.dir/build.make CMakeFiles/cmTC_86a19.dir/build
make[1]: Entering directory '/home/nathaly/Downloads/gmsh-4.4.1-source/build/CMakeFiles/CMakeTmp'
Building CXX object CMakeFiles/cmTC_86a19.dir/src.cxx.o
/bin/c++    -std=c++11 -DNOWARN   -w -o CMakeFiles/cmTC_86a19.dir/src.cxx.o -c /home/nathaly/Downloads/gmsh-4.4.1-source/build/CMakeFiles/CMakeTmp/src.cxx
Linking CXX executable cmTC_86a19
/usr/bin/cmake -E cmake_link_script CMakeFiles/cmTC_86a19.dir/link.txt --verbose=1
/bin/c++   -std=c++11 -DNOWARN    -rdynamic CMakeFiles/cmTC_86a19.dir/src.cxx.o  -o cmTC_86a19 
make[1]: Leaving directory '/home/nathaly/Downloads/gmsh-4.4.1-source/build/CMakeFiles/CMakeTmp'

Source file was:
int main() { return 0; }
Performing C++ SOURCE FILE Test NOOPT succeeded with the following output:
Change Dir: /home/nathaly/Downloads/gmsh-4.4.1-source/build/CMakeFiles/CMakeTmp

Run Build Command:"/bin/make" "cmTC_a1a7c/fast"
/bin/make -f CMakeFiles/cmTC_a1a7c.dir/build.make CMakeFiles/cmTC_a1a7c.dir/build
make[1]: Entering directory '/home/nathaly/Downloads/gmsh-4.4.1-source/build/CMakeFiles/CMakeTmp'
Building CXX object CMakeFiles/cmTC_a1a7c.dir/src.cxx.o
/bin/c++    -std=c++11 -DNOOPT   -O0 -o CMakeFiles/cmTC_a1a7c.dir/src.cxx.o -c /home/nathaly/Downloads/gmsh-4.4.1-source/build/CMakeFiles/CMakeTmp/src.cxx
Linking CXX executable cmTC_a1a7c
/usr/bin/cmake -E cmake_link_script CMakeFiles/cmTC_a1a7c.dir/link.txt --verbose=1
/bin/c++   -std=c++11 -DNOOPT    -rdynamic CMakeFiles/cmTC_a1a7c.dir/src.cxx.o  -o cmTC_a1a7c 
make[1]: Leaving directory '/home/nathaly/Downloads/gmsh-4.4.1-source/build/CMakeFiles/CMakeTmp'

Source file was:
int main() { return 0; }
